<?xml version="1.0" encoding="UTF-8"?>
<!-- Generated by org.testng.reporters.JUnitReportReporter -->
<testsuite hostname="Abhijith" failures="0" tests="1" name="testng.Lamborghini" time="8.723" errors="0" timestamp="2024-05-01T12:08:31 IST" skipped="0">
  <testcase classname="testng.Lamborghini" name="launchLamborghini" time="8.723">
    <system-out>
      <![CDATA[Lamborghini launched successfully]]>
    </system-out>
  </testcase> <!-- launchLamborghini -->
  <system-out>
    <![CDATA[Lamborghini launched successfully
TataMotors launched successfully
Ford launched successfully]]>
  </system-out>
</testsuite> <!-- testng.Lamborghini -->
