<?xml version="1.0" encoding="UTF-8"?>
<!-- Generated by org.testng.reporters.JUnitReportReporter -->
<testsuite hostname="Abhijith" failures="0" tests="1" name="testng.TataMotors" time="11.857" errors="0" timestamp="2024-05-01T12:08:31 IST" skipped="0">
  <testcase classname="testng.TataMotors" name="launchTataMotors" time="11.857">
    <system-out>
      <![CDATA[TataMotors launched successfully]]>
    </system-out>
  </testcase> <!-- launchTataMotors -->
  <system-out>
    <![CDATA[Lamborghini launched successfully
TataMotors launched successfully
Ford launched successfully]]>
  </system-out>
</testsuite> <!-- testng.TataMotors -->
