<?xml version="1.0" encoding="UTF-8"?>
<!-- Generated by org.testng.reporters.JUnitReportReporter -->
<testsuite hostname="Abhijith" failures="0" tests="1" name="testng.Ferrari" time="2.670" errors="0" timestamp="2024-05-01T11:51:29 IST" skipped="0">
  <testcase classname="testng.Ferrari" name="launchFerrari" time="2.670">
    <system-out>
      <![CDATA[ferrari launched successfully]]>
    </system-out>
  </testcase> <!-- launchFerrari -->
  <system-out>
    <![CDATA[ferrari launched successfully
Ford launched successfully]]>
  </system-out>
</testsuite> <!-- testng.Ferrari -->
