<?xml version="1.0" encoding="UTF-8"?>
<!-- Generated by org.testng.reporters.JUnitReportReporter -->
<testsuite hostname="Abhijith" failures="0" tests="1" name="testng.Ford" time="18.767" errors="0" timestamp="2024-05-01T12:08:31 IST" skipped="0">
  <testcase classname="testng.Ford" name="launchFord" time="18.767">
    <system-out>
      <![CDATA[Ford launched successfully]]>
    </system-out>
  </testcase> <!-- launchFord -->
  <system-out>
    <![CDATA[Lamborghini launched successfully
TataMotors launched successfully
Ford launched successfully]]>
  </system-out>
</testsuite> <!-- testng.Ford -->
