<?xml version="1.0" encoding="UTF-8"?>
<!-- Generated by org.testng.reporters.JUnitReportReporter -->
<testsuite hostname="Abhijith" failures="0" tests="3" name="crossbrowser.TestScript" time="18.764" errors="0" timestamp="2024-05-02T16:40:35 IST" skipped="0">
  <testcase classname="crossbrowser.TestScript" name="launch" time="3.042"/>
  <testcase classname="crossbrowser.TestScript" name="launch" time="7.072"/>
  <testcase classname="crossbrowser.TestScript" name="launch" time="8.650"/>
</testsuite> <!-- crossbrowser.TestScript -->
