<?xml version="1.0" encoding="UTF-8"?>
<!-- Generated by org.testng.reporters.JUnitReportReporter -->
<testsuite hostname="Abhijith" failures="0" tests="5" name="testng.ToLearnTestNG" time="23.339" errors="0" timestamp="2024-04-30T16:02:30 IST" skipped="1">
  <testcase classname="testng.ToLearnTestNG" name="login" time="5.950">
    <system-out>
      <![CDATA[login testcase executed]]>
    </system-out>
  </testcase> <!-- login -->
  <testcase classname="testng.ToLearnTestNG" name="login" time="5.963">
    <system-out>
      <![CDATA[login testcase executed]]>
    </system-out>
  </testcase> <!-- login -->
  <testcase classname="testng.ToLearnTestNG" name="login" time="5.369">
    <system-out>
      <![CDATA[login testcase executed]]>
    </system-out>
  </testcase> <!-- login -->
  <testcase classname="testng.ToLearnTestNG" name="login" time="6.057">
    <system-out>
      <![CDATA[login testcase executed]]>
    </system-out>
  </testcase> <!-- login -->
  <testcase classname="testng.ToLearnTestNG" name="register">
    <skipped/>
  </testcase> <!-- register -->
  <system-out>
    <![CDATA[login testcase executed
login testcase executed
login testcase executed
login testcase executed]]>
  </system-out>
</testsuite> <!-- testng.ToLearnTestNG -->
