<?xml version="1.0" encoding="UTF-8"?>
<!-- Generated by org.testng.reporters.JUnitReportReporter -->
<testsuite hostname="Abhijith" failures="0" tests="1" name="testng.ConfigAnnotations" time="0.008" errors="0" timestamp="2024-05-01T12:23:42 IST" skipped="0">
  <testcase classname="testng.ConfigAnnotations" name="demo" time="0.008">
    <system-out>
      <![CDATA[@Test]]>
    </system-out>
  </testcase> <!-- demo -->
  <system-out>
    <![CDATA[@BeforeSuite
@BeforeTest
@BeforeClass
@BeforeMethod
@Test
@AfterMethod
@AfterClass
@AfterTest
@AfterSuite]]>
  </system-out>
</testsuite> <!-- testng.ConfigAnnotations -->
