<?xml version="1.0" encoding="UTF-8"?>
<!-- Generated by org.testng.reporters.JUnitReportReporter -->
<testsuite hostname="Abhijith" failures="0" tests="3" name="testng.TestScript" time="10.416" errors="0" timestamp="2024-05-02T16:49:48 IST" skipped="0">
  <testcase classname="testng.TestScript" name="clickOnBooks" time="3.656">
    <system-out>
      <![CDATA[User clicked on books and Books page is displayed]]>
    </system-out>
  </testcase> <!-- clickOnBooks -->
  <testcase classname="testng.TestScript" name="clickOnBooks" time="3.363">
    <system-out>
      <![CDATA[User clicked on books and Books page is displayed]]>
    </system-out>
  </testcase> <!-- clickOnBooks -->
  <testcase classname="testng.TestScript" name="clickOnBooks" time="3.397">
    <system-out>
      <![CDATA[User clicked on books and Books page is displayed]]>
    </system-out>
  </testcase> <!-- clickOnBooks -->
  <system-out>
    <![CDATA[User clicked on books and Books page is displayed
User clicked on books and Books page is displayed
User clicked on books and Books page is displayed]]>
  </system-out>
</testsuite> <!-- testng.TestScript -->
