<?xml version="1.0" encoding="UTF-8"?>
<!-- Generated by org.testng.reporters.JUnitReportReporter -->
<testsuite hostname="Abhijith" failures="0" tests="3" name="dataprovider.ToLearnDataProvider" time="8.061" errors="0" timestamp="2024-05-02T14:38:00 IST" skipped="0">
  <testcase classname="dataprovider.ToLearnDataProvider" name="login" time="2.296"/>
  <testcase classname="dataprovider.ToLearnDataProvider" name="login" time="2.850"/>
  <testcase classname="dataprovider.ToLearnDataProvider" name="login" time="2.915"/>
</testsuite> <!-- dataprovider.ToLearnDataProvider -->
